make all --print-data-base --no-builtin-variables --no-builtin-rules --question
make -C ./ft_printf
 
# make[1]: Entering directory '/home/dracken24/Desktop/prog/42_en_cours/so_long/ft_printf'
make -C ./libft
 
# GNU Make 4.3
# Built for x86_64-pc-linux-gnu
# Copyright (C) 1988-2020 Free Software Foundation, Inc.
# License GPLv3+: GNU GPL version 3 or later <http://gnu.org/licenses/gpl.html>
# This is free software: you are free to change and redistribute it.
# There is NO WARRANTY, to the extent permitted by law.
 

# Make data base, printed on Thu Jul  7 20:58:17 2022

# Variables

# makefile (from 'Makefile', line 48)
OBJ = $(SRCS:%c=%o)
# environment
GDK_BACKEND = x11
# environment
LC_ALL = C
# environment
GNOME_SHELL_SESSION_MODE = ubuntu
# environment
SSH_AGENT_LAUNCHER = gnome-keyring
# environment
SNAP_INSTANCE_KEY = 
# environment
HOMEBREW_PREFIX = /home/linuxbrew/.linuxbrew
# makefile (from 'Makefile', line 23)
MEM_A = ./mem_alloc/
# environment
GJS_DEBUG_OUTPUT = stderr
# environment
MANDATORY_PATH = /usr/share/gconf/ubuntu.mandatory.path
# environment
QT_X11_NO_MITSHM = 1
# environment
VSCODE_CWD = /home/dracken24
# environment
WINDOWPATH = 2
# default
MAKE_COMMAND := make
# makefile (from 'Makefile', line 28)
ATOI = ./atoitoa/
# environment
QT_ACCESSIBILITY = 1
# automatic
@D = $(patsubst %/,%,$(dir $@))
# environment
SNAP_INSTANCE_NAME = code
# environment
GDK_PIXBUF_MODULEDIR = /snap/code/100/usr/lib/x86_64-linux-gnu/gdk-pixbuf-2.0/2.10.0/loaders
# environment
VSCODE_HANDLES_UNCAUGHT_ERRORS = true
# default
.VARIABLES := 
# environment
PWD = /home/dracken24/Desktop/prog/42_en_cours/so_long
# automatic
%D = $(patsubst %/,%,$(dir $%))
# makefile (from 'Makefile', line 25)
STR = ./str/
# environment
LSCOLORS = Gxfxcxdxbxegedabagacad
# environment
XDG_DATA_DIRS = /usr/share/ubuntu:/usr/share/gnome:/usr/local/share/:/usr/share/:/var/lib/snapd/desktop
# environment
OLDPWD = /home/dracken24
# makefile (from 'Makefile', line 27)
IS = ./is/
# automatic
^D = $(patsubst %/,%,$(dir $^))
# automatic
%F = $(notdir $%)
# makefile (from 'Makefile', line 22)
MATH = ./math/
# environment
VSCODE_CODE_CACHE_PATH = /home/dracken24/.config/Code/CachedData/92d25e35d9bf1a6b16f7d0758f25d48ace11e5b9
# environment
LANG = C
# environment
XAUTHORITY = /run/user/1000/gdm/Xauthority
# default
.LOADED := 
# environment
HOMEBREW_REPOSITORY = /home/linuxbrew/.linuxbrew/Homebrew
# default
.INCLUDE_DIRS = /usr/local/include /usr/include /usr/include
# makefile (from 'Makefile', line 16)
CYAN = $(shell tput -Txterm setaf 4)
# makefile
MAKEFLAGS = pqrRw
# makefile
CURDIR := /home/dracken24/Desktop/prog/42_en_cours/so_long/ft_printf/libft
# environment
APPLICATION_INSIGHTS_NO_DIAGNOSTIC_CHANNEL = 1
# makefile (from 'Makefile', line 30)
SRCS = $(MATH)ft_ultimate_range.c $(MATH)ft_putnbr.c $(MATH)ft_range.c $(MATH)ft_swap.c $(MATH)ft_rev_int_tab.c $(MATH)ft_nbrlen.c $(MATH)ft_putnbr_fd.c $(MATH)ft_p_or_imp.c $(MEM_A)ft_bzero.c $(MEM_A)ft_calloc.c $(MEM_A)free_ptr.c $(LST)ft_lstmap.c $(LST)ft_lstiter.c $(LST)ft_lstclear.c $(LST)ft_lstdelone.c $(LST)ft_lstadd_back.c $(LST)ft_lstlast.c $(LST)ft_lstsize.c $(LST)ft_lstadd_front.c $(LST)ft_lstnew.c $(STR)ft_strlen.c $(STR)ft_strlcpy.c $(STR)ft_strlcat.c $(STR)ft_strrchr.c $(STR)ft_strncmp.c  $(STR)ft_strnstr.c $(STR)ft_strtrim.c $(STR)ft_strmapi.c $(STR)ft_striteri.c $(STR)ft_strdup.c $(STR)ft_substr.c $(STR)ft_strjoin.c $(STR)ft_strcat.c $(STR)ft_putchar_fd.c $(STR)ft_putstr_fd.c $(STR)ft_toupper.c $(STR)ft_tolower.c $(STR)ft_strmapi.c $(STR)ft_striteri.c $(STR)ft_putendl_fd.c $(STR)ft_strchr.c $(STR)ft_split.c $(MEM_M)ft_memset.c $(MEM_M)ft_memmove.c $(MEM_M)ft_memcmp.c $(MEM_M)ft_memcpy.c $(IS)ft_isalpha.c $(IS)ft_isdigit.c $(IS)ft_isalnum.c $(IS)ft_isascii.c $(IS)ft_isprint.c $(ATOI)ft_atoi.c $(ATOI)ft_itoa.c 
# automatic
*D = $(patsubst %/,%,$(dir $*))
# environment
MFLAGS = -pqrRw
# environment
SSH_AUTH_SOCK = /run/user/1000/keyring/ssh
# default
.SHELLFLAGS := -c
# makefile (from 'Makefile', line 14)
LIGHT_GREEN = $(shell tput -Txterm setaf 2)
# environment
XDG_CONFIG_DIRS = /etc/xdg/xdg-ubuntu:/etc/xdg
# automatic
+D = $(patsubst %/,%,$(dir $+))
# environment
XDG_SESSION_DESKTOP = ubuntu
# makefile (from 'Makefile', line 1)
MAKEFILE_LIST := Makefile
# environment
SNAP_REEXEC = 
# automatic
@F = $(notdir $@)
# environment
ZSH = /home/dracken24/.oh-my-zsh
# environment
VSCODE_PID = 7212
# environment
XDG_SESSION_TYPE = x11
 
# automatic
?D = $(patsubst %/,%,$(dir $?))
# environment
BAMF_DESKTOP_FILE_HINT = /var/lib/snapd/desktop/applications/code_code.desktop
# environment
SESSION_MANAGER = local/Dracken24:@/tmp/.ICE-unix/2732,unix/Dracken24:/tmp/.ICE-unix/2732
# automatic
*F = $(notdir $*)
# environment
MANPATH = /home/linuxbrew/.linuxbrew/share/man:
# environment
CHROME_DESKTOP = code-url-handler.desktop
# environment
DBUS_SESSION_BUS_ADDRESS = unix:path=/run/user/1000/bus
# automatic
<D = $(patsubst %/,%,$(dir $<))
# environment
VSCODE_NLS_CONFIG = {"locale":"en-gb","availableLanguages":{},"_languagePackSupport":true}
# default
MAKE_HOST := x86_64-pc-linux-gnu
# environment
GNOME_DESKTOP_SESSION_ID = this-is-deprecated
# environment
INFOPATH = /home/linuxbrew/.linuxbrew/share/info:
# makefile
SHELL = /bin/sh
# environment
XMODIFIERS = @im=ibus
# environment
GJS_DEBUG_TOPICS = JS ERROR;JS LOG
# environment
SHLVL = 0
# environment
MAKELEVEL := 2
# default
MAKE = $(MAKE_COMMAND)
# environment
SNAP_COOKIE = fSKYpYhDKXjiX9W__W9nCBCj5n_I7R-ps2DwHvI_mLnd_pK3KmHQ
# environment
PATH = /home/linuxbrew/.linuxbrew/bin:/home/linuxbrew/.linuxbrew/sbin:/home/dracken24/bin:/usr/local/sbin:/usr/local/bin:/usr/sbin:/usr/bin:/sbin:/bin:/usr/games:/usr/local/games:/snap/bin:/snap/bin
# default
MAKEFILES := 
# environment
LANGUAGE = en_CA:en
# automatic
^F = $(notdir $^)
# environment
SNAP_USER_COMMON = /home/dracken24/snap/code/common
# environment
SNAP = /snap/code/100
# environment
INVOCATION_ID = 0851508803ff4409aa58bb98a95f2a11
# environment
SNAP_REVISION = 100
# environment
SNAP_REAL_HOME = /home/dracken24
# makefile (from 'Makefile', line 13)
LIGHT_RED = $(shell tput -Txterm setaf 1)
# environment
USERNAME = dracken24
# automatic
?F = $(notdir $?)
# makefile (from 'Makefile', line 54)
NAME = libft.a
# environment
XDG_CURRENT_DESKTOP = Unity
# environment
LS_COLORS = 
# automatic
+F = $(notdir $+)
# environment
LESS = -R
# environment
DESKTOP_SESSION = ubuntu
# environment
ORIGINAL_XDG_CURRENT_DESKTOP = ubuntu:GNOME
# 'override' directive
GNUMAKEFLAGS := 
# environment
LOGNAME = dracken24
# environment
GIO_LAUNCHED_DESKTOP_FILE = /var/lib/snapd/desktop/applications/code_code.desktop
# environment
SNAP_ARCH = amd64
# makefile
.DEFAULT_GOAL := all
# environment
SYSTEMD_EXEC_PID = 2755
# makefile (from 'Makefile', line 18)
LIGHT_CYAN = $(shell tput -Txterm setaf 6)
# environment
DISPLAY = :1
# environment
USER = dracken24
# environment
GTK_MODULES = gail:atk-bridge
# makefile (from 'Makefile', line 26)
MEM_M = ./mem_move/
# environment
DEFAULTS_PATH = /usr/share/gconf/ubuntu.default.path
# default
MAKE_VERSION := 4.3
# environment
DISABLE_WAYLAND = 1
# environment
SNAP_DATA = /var/snap/code/100
# environment
SNAP_CONTEXT = fSKYpYhDKXjiX9W__W9nCBCj5n_I7R-ps2DwHvI_mLnd_pK3KmHQ
# environment
MANAGERPID = 2071
# environment
HOMEBREW_CELLAR = /home/linuxbrew/.linuxbrew/Cellar
# environment
GIO_LAUNCHED_DESKTOP_FILE_PID = 7163
# environment
PAGER = less
# makefile (from 'Makefile', line 17)
LILAS = $(shell tput -Txterm setaf 5)
# environment
_ = /snap/code/100/usr/share/code/code
# makefile (from 'Makefile', line 20)
RESET = "\033[0m"
# environment
XDG_RUNTIME_DIR = /run/user/1000
# makefile (from 'Makefile', line 52)
CFLAGS = -Wall -Werror -Wextra
# environment
GPG_AGENT_INFO = /run/user/1000/gnupg/S.gpg-agent:0:1
# environment
GDK_PIXBUF_MODULE_FILE = /home/dracken24/snap/code/common/.cache/gdk-pixbuf-loaders.cache
# environment
JOURNAL_STREAM = 8:39107
# environment
XDG_SESSION_CLASS = user
# makefile (from 'Makefile', line 15)
LIGHT_BROWN = $(shell tput -Txterm setaf 3)
# environment
VSCODE_AMD_ENTRYPOINT = vs/workbench/api/node/extensionHostProcess
# environment
HOME = /home/dracken24
# environment
QT_IM_MODULE = ibus
# environment
ELECTRON_RUN_AS_NODE = 1
# environment
VSCODE_IPC_HOOK = /run/user/1000/vscode-fa98f921-1.69.0-main.sock
# environment
SNAP_NAME = code
# environment
GSETTINGS_SCHEMA_DIR = /snap/code/100/usr/share/glib-2.0/schemas
# default
.RECIPEPREFIX := 
# automatic
<F = $(notdir $<)
 
# makefile (from 'Makefile', line 24)
LST = ./lst/
# environment
SNAP_VERSION = 92d25e35
# default
SUFFIXES := 
# environment
VSCODE_CLI = 1
# environment
ELECTRON_NO_ATTACH_CONSOLE = 1
# environment
SNAP_COMMON = /var/snap/code/common
# default
.FEATURES := target-specific order-only second-expansion else-if shortest-stem undefine oneshell nocomment grouped-target extra-prereqs archives jobserver output-sync check-symlink load
# makefile (from 'Makefile', line 50)
CC = gcc
# environment
SNAP_USER_DATA = /home/dracken24/snap/code/100
# environment
XDG_MENU_PREFIX = gnome-
# makefile (from 'Makefile', line 19)
WHITE = $(shell tput -Txterm setaf 7)
# environment
GDMSESSION = ubuntu
# environment
SNAP_LIBRARY_PATH = /var/lib/snapd/lib/gl:/var/lib/snapd/lib/gl32:/var/lib/snapd/void
# variable set hash-table stats:
# Load=146/1024=14%, Rehash=0, Collisions=49/235=21%

# Pattern-specific Variable Values

# No pattern-specific variable values.

# Directories

# . (device 66308, inode 2457857): 13 files, no impossibilities.

# 13 files, no impossibilities in 1 directories.

# Implicit Rules

# No implicit rules.

# Files

# Not a target:
lst/ft_lstiter.o:
#  Implicit rule search has been done.
#  Last modified 2022-07-07 20:58:04.82686538
#  File has been updated.
#  Successfully updated.

# Not a target:
mem_alloc/free_ptr.o:
#  Implicit rule search has been done.
#  Last modified 2022-07-07 20:58:04.798865571
#  File has been updated.
#  Successfully updated.

libft.a: math/ft_ultimate_range.o math/ft_putnbr.o math/ft_range.o math/ft_swap.o math/ft_rev_int_tab.o math/ft_nbrlen.o math/ft_putnbr_fd.o math/ft_p_or_imp.o mem_alloc/ft_bzero.o mem_alloc/ft_calloc.o mem_alloc/free_ptr.o lst/ft_lstmap.o lst/ft_lstiter.o lst/ft_lstclear.o lst/ft_lstdelone.o lst/ft_lstadd_back.o lst/ft_lstlast.o lst/ft_lstsize.o lst/ft_lstadd_front.o lst/ft_lstnew.o str/ft_strlen.o str/ft_strlcpy.o str/ft_strlcat.o str/ft_strrchr.o str/ft_strncmp.o str/ft_strnstr.o str/ft_strtrim.o str/ft_strmapi.o str/ft_striteri.o str/ft_strdup.o str/ft_substr.o str/ft_strjoin.o str/ft_strcat.o str/ft_putchar_fd.o str/ft_putstr_fd.o str/ft_toupper.o str/ft_tolower.o str/ft_strmapi.o str/ft_striteri.o str/ft_putendl_fd.o str/ft_strchr.o str/ft_split.o mem_move/ft_memset.o mem_move/ft_memmove.o mem_move/ft_memcmp.o mem_move/ft_memcpy.o is/ft_isalpha.o is/ft_isdigit.o is/ft_isalnum.o is/ft_isascii.o is/ft_isprint.o atoitoa/ft_atoi.o atoitoa/ft_itoa.o
#  Implicit rule search has not been done.
#  Last modified 2022-07-07 20:58:05.434861217
#  File has been updated.
#  Successfully updated.
#  recipe to execute (from 'Makefile', line 59):
	@echo $(LILAS)"LA LIBFT SE COMPILE COMME UNE GRANDE..."$(RESET)
	ar -rcs $(NAME) $(OBJ)
	@echo $(LIGHT_GREEN)"LIBFT READY FOR NEXT !!!"$(RESET)
 

# Not a target:
str/ft_putchar_fd.o:
#  Implicit rule search has been done.
#  Last modified 2022-07-07 20:58:05.150863161
#  File has been updated.
#  Successfully updated.

# Not a target:
lst/ft_lstadd_front.o:
#  Implicit rule search has been done.
#  Last modified 2022-07-07 20:58:04.914864777
#  File has been updated.
#  Successfully updated.

# Not a target:
str/ft_strrchr.o:
#  Implicit rule search has been done.
#  Last modified 2022-07-07 20:58:04.990864257
#  File has been updated.
#  Successfully updated.

# Not a target:
lst/ft_lstadd_back.o:
#  Implicit rule search has been done.
#  Last modified 2022-07-07 20:58:04.874865051
#  File has been updated.
#  Successfully updated.

# Not a target:
lst/ft_lstdelone.o:
#  Implicit rule search has been done.
#  Last modified 2022-07-07 20:58:04.85886516
#  File has been updated.
#  Successfully updated.

# Not a target:
math/ft_putnbr_fd.o:
#  Implicit rule search has been done.
#  Last modified 2022-07-07 20:58:04.738865982
#  File has been updated.
#  Successfully updated.

# Not a target:
math/ft_rev_int_tab.o:
#  Implicit rule search has been done.
#  Last modified 2022-07-07 20:58:04.710866174
#  File has been updated.
#  Successfully updated.

# Not a target:
str/ft_strtrim.o:
#  Implicit rule search has been done.
#  Last modified 2022-07-07 20:58:05.042863901
#  File has been updated.
#  Successfully updated.

# Not a target:
math/ft_putnbr.o:
#  Implicit rule search has been done.
#  Last modified 2022-07-07 20:58:04.666866475
#  File has been updated.
#  Successfully updated.

# Not a target:
mem_alloc/ft_calloc.o:
#  Implicit rule search has been done.
#  Last modified 2022-07-07 20:58:04.782865681
#  File has been updated.
#  Successfully updated.

# Not a target:
mem_alloc/ft_bzero.o:
#  Implicit rule search has been done.
#  Last modified 2022-07-07 20:58:04.770865763
#  File has been updated.
#  Successfully updated.

# Not a target:
Makefile:
#  Implicit rule search has been done.
#  Last modified 2022-07-07 18:33:24.14126248
#  File has been updated.
#  Successfully updated.

# Not a target:
str/ft_substr.o:
#  Implicit rule search has been done.
#  Last modified 2022-07-07 20:58:05.106863462
#  File has been updated.
#  Successfully updated.

# Not a target:
str/ft_strnstr.o:
#  Implicit rule search has been done.
#  Last modified 2022-07-07 20:58:05.026864011
#  File has been updated.
#  Successfully updated.

# Not a target:
mem_move/ft_memcmp.o:
#  Implicit rule search has been done.
#  Last modified 2022-07-07 20:58:05.282862257
#  File has been updated.
#  Successfully updated.

# Not a target:
lst/ft_lstmap.o:
 
#  Implicit rule search has been done.
#  Last modified 2022-07-07 20:58:04.814865462
#  File has been updated.
#  Successfully updated.

# Not a target:
str/ft_strjoin.o:
#  Implicit rule search has been done.
#  Last modified 2022-07-07 20:58:05.122863353
#  File has been updated.
#  Successfully updated.

# Not a target:
atoitoa/ft_itoa.o:
#  Implicit rule search has been done.
#  Last modified 2022-07-07 20:58:05.426861272
#  File has been updated.
#  Successfully updated.

clean:
#  Phony target (prerequisite of .PHONY).
#  Implicit rule search has not been done.
#  File does not exist.
#  File has not been updated.
#  recipe to execute (from 'Makefile', line 69):
	rm -f $(OBJ) $(BONUSOBJ)

# Not a target:
str/ft_split.o:
#  Implicit rule search has been done.
#  Last modified 2022-07-07 20:58:05.238862558
#  File has been updated.
#  Successfully updated.

# Not a target:
str/ft_putendl_fd.o:
#  Implicit rule search has been done.
#  Last modified 2022-07-07 20:58:05.206862778
#  File has been updated.
#  Successfully updated.

# Not a target:
str/ft_strlcat.o:
#  Implicit rule search has been done.
#  Last modified 2022-07-07 20:58:04.974864366
#  File has been updated.
#  Successfully updated.

# Not a target:
str/ft_strmapi.o:
#  Implicit rule search has been done.
#  Last modified 2022-07-07 20:58:05.062863764
#  File has been updated.
#  Successfully updated.

re: fclean all
#  Phony target (prerequisite of .PHONY).
#  Implicit rule search has not been done.
#  File does not exist.
#  File has not been updated.

# Not a target:
mem_move/ft_memcpy.o:
#  Implicit rule search has been done.
#  Last modified 2022-07-07 20:58:05.298862148
#  File has been updated.
#  Successfully updated.

# Not a target:
str/ft_strdup.o:
#  Implicit rule search has been done.
#  Last modified 2022-07-07 20:58:05.090863572
#  File has been updated.
#  Successfully updated.

# Not a target:
is/ft_isprint.o:
#  Implicit rule search has been done.
#  Last modified 2022-07-07 20:58:05.3788616
#  File has been updated.
#  Successfully updated.

# Not a target:
is/ft_isalnum.o:
#  Implicit rule search has been done.
#  Last modified 2022-07-07 20:58:05.346861819
#  File has been updated.
#  Successfully updated.

# Not a target:
is/ft_isalpha.o:
#  Implicit rule search has been done.
#  Last modified 2022-07-07 20:58:05.314862039
#  File has been updated.
#  Successfully updated.

# Not a target:
is/ft_isdigit.o:
#  Implicit rule search has been done.
#  Last modified 2022-07-07 20:58:05.330861929
#  File has been updated.
#  Successfully updated.

# Not a target:
mem_move/ft_memset.o:
#  Implicit rule search has been done.
#  Last modified 2022-07-07 20:58:05.254862449
#  File has been updated.
#  Successfully updated.

# Not a target:
.DEFAULT:
#  Implicit rule search has not been done.
#  Modification time never checked.
#  File has not been updated.

# Not a target:
atoitoa/ft_atoi.o:
#  Implicit rule search has been done.
#  Last modified 2022-07-07 20:58:05.402861436
#  File has been updated.
#  Successfully updated.

all: libft.a
#  Phony target (prerequisite of .PHONY).
#  Implicit rule search has not been done.
#  File does not exist.
#  File has been updated.
#  Successfully updated.

fclean: clean
#  Phony target (prerequisite of .PHONY).
#  Implicit rule search has not been done.
#  File does not exist.
#  File has not been updated.
#  recipe to execute (from 'Makefile', line 72):
	rm -f $(NAME)

# Not a target:
str/ft_strcat.o:
#  Implicit rule search has been done.
#  Last modified 2022-07-07 20:58:05.134863271
#  File has been updated.
#  Successfully updated.

# Not a target:
math/ft_swap.o:
#  Implicit rule search has been done.
#  Last modified 2022-07-07 20:58:04.694866284
#  File has been updated.
#  Successfully updated.

# Not a target:
str/ft_strchr.o:
#  Implicit rule search has been done.
#  Last modified 2022-07-07 20:58:05.222862669
#  File has been updated.
#  Successfully updated.

# Not a target:
math/ft_ultimate_range.o:
#  Implicit rule search has been done.
#  Last modified 2022-07-07 20:58:04.650866585
#  File has been updated.
#  Successfully updated.

gitp:
#  Implicit rule search has not been done.
#  Modification time never checked.
#  File has not been updated.
#  recipe to execute (from 'Makefile', line 64):
	@(git add .)
	@(git commit -m "nadesjar42")
	@(git push)

# Not a target:
str/ft_tolower.o:
#  Implicit rule search has been done.
#  Last modified 2022-07-07 20:58:05.19486286
#  File has been updated.
#  Successfully updated.

# Not a target:
mem_move/ft_memmove.o:
#  Implicit rule search has been done.
#  Last modified 2022-07-07 20:58:05.27086234
#  File has been updated.
#  Successfully updated.

# Not a target:
lst/ft_lstlast.o:
#  Implicit rule search has been done.
#  Last modified 2022-07-07 20:58:04.886864969
#  File has been updated.
#  Successfully updated.

# Not a target:
str/ft_strncmp.o:
#  Implicit rule search has been done.
#  Last modified 2022-07-07 20:58:05.006864147
#  File has been updated.
#  Successfully updated.

# Not a target:
str/ft_strlcpy.o:
#  Implicit rule search has been done.
#  Last modified 2022-07-07 20:58:04.962864449
#  File has been updated.
#  Successfully updated.

# Not a target:
lst/ft_lstnew.o:
#  Implicit rule search has been done.
#  Last modified 2022-07-07 20:58:04.930864668
#  File has been updated.
#  Successfully updated.

# Not a target:
str/ft_striteri.o:
#  Implicit rule search has been done.
#  Last modified 2022-07-07 20:58:05.074863682
#  File has been updated.
#  Successfully updated.

# Not a target:
lst/ft_lstclear.o:
#  Implicit rule search has been done.
#  Last modified 2022-07-07 20:58:04.84286527
#  File has been updated.
#  Successfully updated.

# Not a target:
lst/ft_lstsize.o:
#  Implicit rule search has been done.
#  Last modified 2022-07-07 20:58:04.902864859
#  File has been updated.
#  Successfully updated.

# Not a target:
str/ft_toupper.o:
#  Implicit rule search has been done.
#  Last modified 2022-07-07 20:58:05.17886297
#  File has been updated.
#  Successfully updated.

# Not a target:
str/ft_strlen.o:
#  Implicit rule search has been done.
#  Last modified 2022-07-07 20:58:04.946864558
#  File has been updated.
#  Successfully updated.

# Not a target:
math/ft_p_or_imp.o:
#  Implicit rule search has been done.
#  Last modified 2022-07-07 20:58:04.754865873
#  File has been updated.
#  Successfully updated.

# Not a target:
math/ft_range.o:
#  Implicit rule search has been done.
#  Last modified 2022-07-07 20:58:04.682866365
#  File has been updated.
#  Successfully updated.

# Not a target:
math/ft_nbrlen.o:
#  Implicit rule search has been done.
#  Last modified 2022-07-07 20:58:04.726866064
#  File has been updated.
#  Successfully updated.

# Not a target:
str/ft_putstr_fd.o:
#  Implicit rule search has been done.
#  Last modified 2022-07-07 20:58:05.162863079
#  File has been updated.
#  Successfully updated.

.PHONY: all clean fclean re
#  Implicit rule search has not been done.
#  Modification time never checked.
#  File has not been updated.

# Not a target:
is/ft_isascii.o:
#  Implicit rule search has been done.
#  Last modified 2022-07-07 20:58:05.36286171
#  File has been updated.
#  Successfully updated.

# files hash-table stats:
# Load=61/1024=6%, Rehash=0, Collisions=8/134=6%
# VPATH Search Paths

# No 'vpath' search paths.

# No general ('VPATH' variable) search path.

 
# strcache buffers: 1 (0) / strings = 75 / storage = 1093 B / avg = 14 B
# current buf: size = 8162 B / used = 1093 B / count = 75 / avg = 14 B

# strcache performance: lookups = 96 / hit rate = 21%
# hash-table stats:
# Load=75/8192=1%, Rehash=0, Collisions=1/96=1%
# Finished Make data base on Thu Jul  7 20:58:17 2022

# GNU Make 4.3
# Built for x86_64-pc-linux-gnu
# Copyright (C) 1988-2020 Free Software Foundation, Inc.
# License GPLv3+: GNU GPL version 3 or later <http://gnu.org/licenses/gpl.html>
# This is free software: you are free to change and redistribute it.
# There is NO WARRANTY, to the extent permitted by law.

# Make data base, printed on Thu Jul  7 20:58:17 2022

# Variables

# makefile (from 'Makefile', line 24)
OBJ = $(SRCS:%c=%o)
# environment
GDK_BACKEND = x11
# environment
LC_ALL = C
# environment
GNOME_SHELL_SESSION_MODE = ubuntu
# environment
SSH_AGENT_LAUNCHER = gnome-keyring
# makefile (from 'Makefile', line 32)
AR = ar -rcs
# environment
SNAP_INSTANCE_KEY = 
# environment
HOMEBREW_PREFIX = /home/linuxbrew/.linuxbrew
# environment
GJS_DEBUG_OUTPUT = stderr
# environment
MANDATORY_PATH = /usr/share/gconf/ubuntu.mandatory.path
# environment
QT_X11_NO_MITSHM = 1
# environment
VSCODE_CWD = /home/dracken24
# environment
WINDOWPATH = 2
# default
MAKE_COMMAND := make
# environment
QT_ACCESSIBILITY = 1
# automatic
@D = $(patsubst %/,%,$(dir $@))
# environment
SNAP_INSTANCE_NAME = code
# environment
GDK_PIXBUF_MODULEDIR = /snap/code/100/usr/lib/x86_64-linux-gnu/gdk-pixbuf-2.0/2.10.0/loaders
# makefile (from 'Makefile', line 30)
LIBFT_A = ./libft/libft.a
# environment
VSCODE_HANDLES_UNCAUGHT_ERRORS = true
# default
.VARIABLES := 
# environment
PWD = /home/dracken24/Desktop/prog/42_en_cours/so_long
# automatic
%D = $(patsubst %/,%,$(dir $%))
# environment
LSCOLORS = Gxfxcxdxbxegedabagacad
# environment
XDG_DATA_DIRS = /usr/share/ubuntu:/usr/share/gnome:/usr/local/share/:/usr/share/:/var/lib/snapd/desktop
# environment
OLDPWD = /home/dracken24
# automatic
^D = $(patsubst %/,%,$(dir $^))
# automatic
%F = $(notdir $%)
# environment
VSCODE_CODE_CACHE_PATH = /home/dracken24/.config/Code/CachedData/92d25e35d9bf1a6b16f7d0758f25d48ace11e5b9
# makefile (from 'Makefile', line 29)
LIBFT = make_lib
# environment
LANG = C
# environment
XAUTHORITY = /run/user/1000/gdm/Xauthority
# default
.LOADED := 
# environment
HOMEBREW_REPOSITORY = /home/linuxbrew/.linuxbrew/Homebrew
# default
.INCLUDE_DIRS = /usr/local/include /usr/include /usr/include
# makefile (from 'Makefile', line 16)
CYAN = $(shell tput -Txterm setaf 4)
# makefile
MAKEFLAGS = pqrRw
# makefile
CURDIR := /home/dracken24/Desktop/prog/42_en_cours/so_long/ft_printf
# environment
APPLICATION_INSIGHTS_NO_DIAGNOSTIC_CHANNEL = 1
# makefile (from 'Makefile', line 22)
SRCS = ft_hexa.c ft_printf.c ft_put.c 
# automatic
*D = $(patsubst %/,%,$(dir $*))
# environment
 
MFLAGS = -pqrRw
# environment
SSH_AUTH_SOCK = /run/user/1000/keyring/ssh
# default
.SHELLFLAGS := -c
# makefile (from 'Makefile', line 14)
LIGHT_GREEN = $(shell tput -Txterm setaf 2)
# environment
XDG_CONFIG_DIRS = /etc/xdg/xdg-ubuntu:/etc/xdg
# automatic
+D = $(patsubst %/,%,$(dir $+))
# environment
XDG_SESSION_DESKTOP = ubuntu
# makefile (from 'Makefile', line 1)
MAKEFILE_LIST := Makefile
# environment
SNAP_REEXEC = 
# automatic
@F = $(notdir $@)
# environment
ZSH = /home/dracken24/.oh-my-zsh
# environment
VSCODE_PID = 7212
# environment
XDG_SESSION_TYPE = x11
# automatic
?D = $(patsubst %/,%,$(dir $?))
# environment
BAMF_DESKTOP_FILE_HINT = /var/lib/snapd/desktop/applications/code_code.desktop
# environment
SESSION_MANAGER = local/Dracken24:@/tmp/.ICE-unix/2732,unix/Dracken24:/tmp/.ICE-unix/2732
# automatic
*F = $(notdir $*)
# environment
MANPATH = /home/linuxbrew/.linuxbrew/share/man:
# environment
CHROME_DESKTOP = code-url-handler.desktop
# environment
DBUS_SESSION_BUS_ADDRESS = unix:path=/run/user/1000/bus
# automatic
<D = $(patsubst %/,%,$(dir $<))
# environment
VSCODE_NLS_CONFIG = {"locale":"en-gb","availableLanguages":{},"_languagePackSupport":true}
# default
MAKE_HOST := x86_64-pc-linux-gnu
# environment
GNOME_DESKTOP_SESSION_ID = this-is-deprecated
# environment
INFOPATH = /home/linuxbrew/.linuxbrew/share/info:
# makefile
SHELL = /bin/sh
# environment
XMODIFIERS = @im=ibus
# environment
GJS_DEBUG_TOPICS = JS ERROR;JS LOG
# environment
SHLVL = 0
# environment
MAKELEVEL := 1
# default
MAKE = $(MAKE_COMMAND)
# environment
SNAP_COOKIE = fSKYpYhDKXjiX9W__W9nCBCj5n_I7R-ps2DwHvI_mLnd_pK3KmHQ
# environment
PATH = /home/linuxbrew/.linuxbrew/bin:/home/linuxbrew/.linuxbrew/sbin:/home/dracken24/bin:/usr/local/sbin:/usr/local/bin:/usr/sbin:/usr/bin:/sbin:/bin:/usr/games:/usr/local/games:/snap/bin:/snap/bin
# default
MAKEFILES := 
# environment
LANGUAGE = en_CA:en
# automatic
^F = $(notdir $^)
# environment
SNAP_USER_COMMON = /home/dracken24/snap/code/common
# environment
SNAP = /snap/code/100
# environment
INVOCATION_ID = 0851508803ff4409aa58bb98a95f2a11
# environment
SNAP_REVISION = 100
# environment
SNAP_REAL_HOME = /home/dracken24
# makefile (from 'Makefile', line 13)
LIGHT_RED = $(shell tput -Txterm setaf 1)
# environment
USERNAME = dracken24
# automatic
?F = $(notdir $?)
# makefile (from 'Makefile', line 33)
NAME = libftprintf.a
# environment
XDG_CURRENT_DESKTOP = Unity
# environment
LS_COLORS = 
# automatic
+F = $(notdir $+)
# environment
LESS = -R
# environment
DESKTOP_SESSION = ubuntu
# environment
ORIGINAL_XDG_CURRENT_DESKTOP = ubuntu:GNOME
# 'override' directive
GNUMAKEFLAGS := 
# environment
LOGNAME = dracken24
# environment
GIO_LAUNCHED_DESKTOP_FILE = /var/lib/snapd/desktop/applications/code_code.desktop
# environment
SNAP_ARCH = amd64
# makefile
.DEFAULT_GOAL := all
# environment
SYSTEMD_EXEC_PID = 2755
# makefile (from 'Makefile', line 18)
LIGHT_CYAN = $(shell tput -Txterm setaf 6)
# environment
DISPLAY = :1
# environment
USER = dracken24
# environment
GTK_MODULES = gail:atk-bridge
# environment
DEFAULTS_PATH = /usr/share/gconf/ubuntu.default.path
# default
MAKE_VERSION := 4.3
# environment
DISABLE_WAYLAND = 1
# environment
SNAP_DATA = /var/snap/code/100
# environment
SNAP_CONTEXT = fSKYpYhDKXjiX9W__W9nCBCj5n_I7R-ps2DwHvI_mLnd_pK3KmHQ
# environment
MANAGERPID = 2071
# environment
HOMEBREW_CELLAR = /home/linuxbrew/.linuxbrew/Cellar
# environment
GIO_LAUNCHED_DESKTOP_FILE_PID = 7163
# environment
PAGER = less
# makefile (from 'Makefile', line 17)
LILAS = $(shell tput -Txterm setaf 5)
# environment
_ = /snap/code/100/usr/share/code/code
# makefile (from 'Makefile', line 20)
RESET = "\033[0m"
# environment
XDG_RUNTIME_DIR = /run/user/1000
# makefile (from 'Makefile', line 27)
CFLAGS = -Wall -Werror -Wextra
# environment
GPG_AGENT_INFO = /run/user/1000/gnupg/S.gpg-agent:0:1
# environment
GDK_PIXBUF_MODULE_FILE = /home/dracken24/snap/code/common/.cache/gdk-pixbuf-loaders.cache
# environment
JOURNAL_STREAM = 8:39107
# environment
XDG_SESSION_CLASS = user
# makefile (from 'Makefile', line 15)
LIGHT_BROWN = $(shell tput -Txterm setaf 3)
# environment
VSCODE_AMD_ENTRYPOINT = vs/workbench/api/node/extensionHostProcess
# environment
HOME = /home/dracken24
# environment
QT_IM_MODULE = ibus
# environment
ELECTRON_RUN_AS_NODE = 1
# environment
VSCODE_IPC_HOOK = /run/user/1000/vscode-fa98f921-1.69.0-main.sock
# environment
SNAP_NAME = code
# environment
GSETTINGS_SCHEMA_DIR = /snap/code/100/usr/share/glib-2.0/schemas
# default
.RECIPEPREFIX := 
# automatic
<F = $(notdir $<)
# environment
SNAP_VERSION = 92d25e35
# default
SUFFIXES := 
# environment
VSCODE_CLI = 1
# environment
ELECTRON_NO_ATTACH_CONSOLE = 1
# environment
SNAP_COMMON = /var/snap/code/common
# default
.FEATURES := target-specific order-only second-expansion else-if shortest-stem undefine oneshell nocomment grouped-target extra-prereqs archives jobserver output-sync check-symlink load
 
# makefile (from 'Makefile', line 26)
CC = gcc
# environment
SNAP_USER_DATA = /home/dracken24/snap/code/100
# environment
XDG_MENU_PREFIX = gnome-
# makefile (from 'Makefile', line 19)
WHITE = $(shell tput -Txterm setaf 7)
# environment
GDMSESSION = ubuntu
# environment
SNAP_LIBRARY_PATH = /var/lib/snapd/lib/gl:/var/lib/snapd/lib/gl32:/var/lib/snapd/void
# variable set hash-table stats:
# Load=142/1024=14%, Rehash=0, Collisions=14/184=8%

# Pattern-specific Variable Values

# No pattern-specific variable values.

# Directories

# . (device 66308, inode 2457856): 12 files, no impossibilities.

# 12 files, no impossibilities in 1 directories.

# Implicit Rules

# No implicit rules.

# Files

# Not a target:
ft_printf.o:
#  Implicit rule search has been done.
#  Last modified 2022-07-07 20:58:05.474860943
#  File has been updated.
#  Successfully updated.

# Not a target:
ft_hexa.o:
#  Implicit rule search has been done.
#  Last modified 2022-07-07 20:58:05.45486108
#  File has been updated.
#  Successfully updated.

# Not a target:
Makefile:
#  Implicit rule search has been done.
#  Last modified 2022-07-06 17:24:37.334047148
#  File has been updated.
#  Successfully updated.

# Not a target:
ft_put.o:
#  Implicit rule search has been done.
#  Last modified 2022-07-07 20:58:05.490860834
#  File has been updated.
#  Successfully updated.

clean:
#  Phony target (prerequisite of .PHONY).
#  Implicit rule search has not been done.
#  File does not exist.
#  File has not been updated.
#  recipe to execute (from 'Makefile', line 52):
	@rm -f $(OBJ) ./libft/*.o
	@echo $(PURPLE)"BYE BYE"$(RESET)
	

re: fclean all
#  Phony target (prerequisite of .PHONY).
#  Implicit rule search has not been done.
#  File does not exist.
#  File has not been updated.

push:
#  Phony target (prerequisite of .PHONY).
#  Implicit rule search has not been done.
#  File does not exist.
#  File has not been updated.
#  recipe to execute (from 'Makefile', line 47):
	@(git add .)
	@(git commit -m "nadesjar42")
	@(git push)

libftprintf.a: ft_hexa.o ft_printf.o ft_put.o
#  Implicit rule search has not been done.
#  Last modified 2022-07-07 20:58:05.498860779
#  File has been updated.
#  Successfully updated.
#  recipe to execute (from 'Makefile', line 38):
	echo $(PURPLE)"COMPILE MOI CE PRINTF LA..."$(RESET)
	cp $(LIBFT_A) $(NAME)
	$(AR) $(NAME) $(OBJ)
	echo $(PURPLE)"MALADE CA A COMPILER !!!"$(RESET)

# Not a target:
.DEFAULT:
#  Implicit rule search has not been done.
#  Modification time never checked.
#  File has not been updated.

all: make_lib libftprintf.a
#  Phony target (prerequisite of .PHONY).
#  Implicit rule search has not been done.
#  File does not exist.
#  File has been updated.
#  Successfully updated.
# variable set hash-table stats:
# Load=0/32=0%, Rehash=0, Collisions=0/5=0%

fclean: clean
#  Phony target (prerequisite of .PHONY).
#  Implicit rule search has not been done.
#  File does not exist.
#  File has not been updated.
#  recipe to execute (from 'Makefile', line 57):
	@rm -f $(NAME) $(LIBFT_A) a.out gcc
	

make_lib:
#  Phony target (prerequisite of .PHONY).
#  Implicit rule search has not been done.
#  Implicit/static pattern stem: ''
#  File does not exist.
#  File has been updated.
#  Successfully updated.
# automatic
# @ := make_lib
# automatic
# * := 
# automatic
# < := 
# automatic
# + := 
# automatic
# % := 
# automatic
# ^ := 
# automatic
# ? := 
# automatic
# | := 
# variable set hash-table stats:
# Load=8/32=25%, Rehash=0, Collisions=2/13=15%
 
#  recipe to execute (from 'Makefile', line 44):
	$(MAKE) -C ./libft

# Not a target:
.SUFFIXES:
#  Implicit rule search has not been done.
#  Modification time never checked.
#  File has not been updated.

.PHONY: all make_lib push clean fclean re
#  Implicit rule search has not been done.
#  Modification time never checked.
#  File has not been updated.

# files hash-table stats:
# Load=14/1024=1%, Rehash=0, Collisions=0/42=0%
# VPATH Search Paths

# No 'vpath' search paths.

# No general ('VPATH' variable) search path.

# strcache buffers: 1 (0) / strings = 24 / storage = 210 B / avg = 8 B
# current buf: size = 8162 B / used = 210 B / count = 24 / avg = 8 B

# strcache performance: lookups = 51 / hit rate = 52%
# hash-table stats:
# Load=24/8192=0%, Rehash=0, Collisions=0/51=0%
# Finished Make data base on Thu Jul  7 20:58:17 2022

# make[1]: Leaving directory '/home/dracken24/Desktop/prog/42_en_cours/so_long/ft_printf'
 
make -C ./libs/minilibx-linux
 
# GNU Make 4.3
# Built for x86_64-pc-linux-gnu
# Copyright (C) 1988-2020 Free Software Foundation, Inc.
# License GPLv3+: GNU GPL version 3 or later <http://gnu.org/licenses/gpl.html>
# This is free software: you are free to change and redistribute it.
# There is NO WARRANTY, to the extent permitted by law.
 

# Make data base, printed on Thu Jul  7 20:58:17 2022

# Variables

# environment
GDK_BACKEND = x11
# environment
LC_ALL = C
# environment
GNOME_SHELL_SESSION_MODE = ubuntu
# environment
SSH_AGENT_LAUNCHER = gnome-keyring
# environment
SNAP_INSTANCE_KEY = 
# environment
HOMEBREW_PREFIX = /home/linuxbrew/.linuxbrew
# environment
GJS_DEBUG_OUTPUT = stderr
# environment
MANDATORY_PATH = /usr/share/gconf/ubuntu.mandatory.path
# environment
QT_X11_NO_MITSHM = 1
# environment
VSCODE_CWD = /home/dracken24
# environment
WINDOWPATH = 2
# default
MAKE_COMMAND := make
# environment
QT_ACCESSIBILITY = 1
# automatic
@D = $(patsubst %/,%,$(dir $@))
# environment
SNAP_INSTANCE_NAME = code
# environment
GDK_PIXBUF_MODULEDIR = /snap/code/100/usr/lib/x86_64-linux-gnu/gdk-pixbuf-2.0/2.10.0/loaders
# environment
VSCODE_HANDLES_UNCAUGHT_ERRORS = true
# default
.VARIABLES := 
# environment
PWD = /home/dracken24/Desktop/prog/42_en_cours/so_long
# automatic
%D = $(patsubst %/,%,$(dir $%))
# environment
LSCOLORS = Gxfxcxdxbxegedabagacad
# environment
XDG_DATA_DIRS = /usr/share/ubuntu:/usr/share/gnome:/usr/local/share/:/usr/share/:/var/lib/snapd/desktop
# environment
OLDPWD = /home/dracken24
# automatic
^D = $(patsubst %/,%,$(dir $^))
# automatic
%F = $(notdir $%)
# environment
VSCODE_CODE_CACHE_PATH = /home/dracken24/.config/Code/CachedData/92d25e35d9bf1a6b16f7d0758f25d48ace11e5b9
# environment
LANG = C
# environment
XAUTHORITY = /run/user/1000/gdm/Xauthority
# default
.LOADED := 
# environment
HOMEBREW_REPOSITORY = /home/linuxbrew/.linuxbrew/Homebrew
# default
.INCLUDE_DIRS = /usr/local/include /usr/include /usr/include
# makefile
MAKEFLAGS = pqrRw
# makefile
CURDIR := /home/dracken24/Desktop/prog/42_en_cours/so_long/libs/minilibx-linux
# environment
APPLICATION_INSIGHTS_NO_DIAGNOSTIC_CHANNEL = 1
# automatic
*D = $(patsubst %/,%,$(dir $*))
# environment
MFLAGS = -pqrRw
# environment
SSH_AUTH_SOCK = /run/user/1000/keyring/ssh
# default
.SHELLFLAGS := -c
# environment
XDG_CONFIG_DIRS = /etc/xdg/xdg-ubuntu:/etc/xdg
# automatic
+D = $(patsubst %/,%,$(dir $+))
# environment
XDG_SESSION_DESKTOP = ubuntu
# makefile (from 'Makefile', line 1)
MAKEFILE_LIST := Makefile
# environment
SNAP_REEXEC = 
# automatic
@F = $(notdir $@)
# environment
ZSH = /home/dracken24/.oh-my-zsh
# environment
VSCODE_PID = 7212
# environment
XDG_SESSION_TYPE = x11
# automatic
?D = $(patsubst %/,%,$(dir $?))
# environment
BAMF_DESKTOP_FILE_HINT = /var/lib/snapd/desktop/applications/code_code.desktop
# environment
SESSION_MANAGER = local/Dracken24:@/tmp/.ICE-unix/2732,unix/Dracken24:/tmp/.ICE-unix/2732
 
# automatic
*F = $(notdir $*)
# environment
MANPATH = /home/linuxbrew/.linuxbrew/share/man:
# environment
CHROME_DESKTOP = code-url-handler.desktop
# environment
DBUS_SESSION_BUS_ADDRESS = unix:path=/run/user/1000/bus
# automatic
<D = $(patsubst %/,%,$(dir $<))
# environment
VSCODE_NLS_CONFIG = {"locale":"en-gb","availableLanguages":{},"_languagePackSupport":true}
# default
MAKE_HOST := x86_64-pc-linux-gnu
# environment
GNOME_DESKTOP_SESSION_ID = this-is-deprecated
# environment
INFOPATH = /home/linuxbrew/.linuxbrew/share/info:
# makefile
SHELL = /bin/sh
# environment
XMODIFIERS = @im=ibus
# environment
GJS_DEBUG_TOPICS = JS ERROR;JS LOG
# environment
SHLVL = 0
# environment
MAKELEVEL := 1
# default
MAKE = $(MAKE_COMMAND)
# environment
SNAP_COOKIE = fSKYpYhDKXjiX9W__W9nCBCj5n_I7R-ps2DwHvI_mLnd_pK3KmHQ
# environment
PATH = /home/linuxbrew/.linuxbrew/bin:/home/linuxbrew/.linuxbrew/sbin:/home/dracken24/bin:/usr/local/sbin:/usr/local/bin:/usr/sbin:/usr/bin:/sbin:/bin:/usr/games:/usr/local/games:/snap/bin:/snap/bin
# default
MAKEFILES := 
# environment
LANGUAGE = en_CA:en
# automatic
^F = $(notdir $^)
# environment
SNAP_USER_COMMON = /home/dracken24/snap/code/common
# environment
SNAP = /snap/code/100
# environment
INVOCATION_ID = 0851508803ff4409aa58bb98a95f2a11
# environment
SNAP_REVISION = 100
# environment
SNAP_REAL_HOME = /home/dracken24
# environment
USERNAME = dracken24
# automatic
?F = $(notdir $?)
# environment
XDG_CURRENT_DESKTOP = Unity
# environment
LS_COLORS = 
# automatic
+F = $(notdir $+)
# environment
LESS = -R
# environment
DESKTOP_SESSION = ubuntu
# environment
ORIGINAL_XDG_CURRENT_DESKTOP = ubuntu:GNOME
# 'override' directive
GNUMAKEFLAGS := 
# environment
LOGNAME = dracken24
# environment
GIO_LAUNCHED_DESKTOP_FILE = /var/lib/snapd/desktop/applications/code_code.desktop
# environment
SNAP_ARCH = amd64
# makefile
.DEFAULT_GOAL := all
# environment
SYSTEMD_EXEC_PID = 2755
# environment
DISPLAY = :1
# environment
USER = dracken24
# environment
GTK_MODULES = gail:atk-bridge
# environment
DEFAULTS_PATH = /usr/share/gconf/ubuntu.default.path
# default
MAKE_VERSION := 4.3
# environment
DISABLE_WAYLAND = 1
# environment
SNAP_DATA = /var/snap/code/100
# environment
SNAP_CONTEXT = fSKYpYhDKXjiX9W__W9nCBCj5n_I7R-ps2DwHvI_mLnd_pK3KmHQ
# environment
MANAGERPID = 2071
# environment
HOMEBREW_CELLAR = /home/linuxbrew/.linuxbrew/Cellar
# environment
GIO_LAUNCHED_DESKTOP_FILE_PID = 7163
# environment
PAGER = less
# environment
_ = /snap/code/100/usr/share/code/code
# environment
XDG_RUNTIME_DIR = /run/user/1000
# environment
GPG_AGENT_INFO = /run/user/1000/gnupg/S.gpg-agent:0:1
# environment
GDK_PIXBUF_MODULE_FILE = /home/dracken24/snap/code/common/.cache/gdk-pixbuf-loaders.cache
# environment
JOURNAL_STREAM = 8:39107
# environment
XDG_SESSION_CLASS = user
# environment
VSCODE_AMD_ENTRYPOINT = vs/workbench/api/node/extensionHostProcess
# environment
HOME = /home/dracken24
# environment
QT_IM_MODULE = ibus
# environment
ELECTRON_RUN_AS_NODE = 1
# environment
VSCODE_IPC_HOOK = /run/user/1000/vscode-fa98f921-1.69.0-main.sock
# environment
SNAP_NAME = code
# environment
GSETTINGS_SCHEMA_DIR = /snap/code/100/usr/share/glib-2.0/schemas
# default
.RECIPEPREFIX := 
# automatic
<F = $(notdir $<)
# environment
SNAP_VERSION = 92d25e35
# default
SUFFIXES := 
# environment
VSCODE_CLI = 1
# environment
ELECTRON_NO_ATTACH_CONSOLE = 1
 
# environment
SNAP_COMMON = /var/snap/code/common
# default
.FEATURES := target-specific order-only second-expansion else-if shortest-stem undefine oneshell nocomment grouped-target extra-prereqs archives jobserver output-sync check-symlink load
# environment
SNAP_USER_DATA = /home/dracken24/snap/code/100
# environment
XDG_MENU_PREFIX = gnome-
# environment
GDMSESSION = ubuntu
# environment
SNAP_LIBRARY_PATH = /var/lib/snapd/lib/gl:/var/lib/snapd/lib/gl32:/var/lib/snapd/void
# variable set hash-table stats:
# Load=126/1024=12%, Rehash=0, Collisions=11/161=7%

# Pattern-specific Variable Values

# No pattern-specific variable values.

# Directories

# . (device 66308, inode 2572477): 53 files, no impossibilities.

# 53 files, no impossibilities in 1 directories.

# Implicit Rules

# No implicit rules.

# Files

do_configure:
#  Implicit rule search has not been done.
#  Implicit/static pattern stem: ''
#  File does not exist.
#  File has been updated.
#  Needs to be updated (-q is set).
# automatic
# @ := do_configure
# automatic
# * := 
# automatic
# < := 
# automatic
# + := 
# automatic
# % := 
# automatic
# ^ := 
# automatic
# ? := 
# automatic
# | := 
# variable set hash-table stats:
# Load=8/32=25%, Rehash=0, Collisions=1/11=9%
#  recipe to execute (from 'Makefile', line 17):
	./configure

# Not a target:
Makefile:
#  Implicit rule search has been done.
#  Last modified 2022-02-28 06:32:12
#  File has been updated.
#  Successfully updated.

clean:
#  Implicit rule search has not been done.
#  Modification time never checked.
#  File has not been updated.
#  recipe to execute (from 'Makefile', line 20):
	./configure clean

re: clean all
#  Implicit rule search has not been done.
#  Modification time never checked.
#  File has not been updated.

# Not a target:
.DEFAULT:
#  Implicit rule search has not been done.
#  Modification time never checked.
#  File has not been updated.

all: do_configure
#  Implicit rule search has been done.
 
#  File does not exist.
#  File has been updated.
#  Needs to be updated (-q is set).
# variable set hash-table stats:
# Load=0/32=0%, Rehash=0, Collisions=0/3=0%

# Not a target:
.SUFFIXES:
#  Implicit rule search has not been done.
#  Modification time never checked.
#  File has not been updated.

# files hash-table stats:
# Load=7/1024=1%, Rehash=0, Collisions=0/23=0%
# VPATH Search Paths

# No 'vpath' search paths.

# No general ('VPATH' variable) search path.

# strcache buffers: 1 (0) / strings = 62 / storage = 863 B / avg = 13 B
# current buf: size = 8162 B / used = 863 B / count = 62 / avg = 13 B

# strcache performance: lookups = 73 / hit rate = 15%
# hash-table stats:
# Load=62/8192=1%, Rehash=0, Collisions=0/73=0%
# Finished Make data base on Thu Jul  7 20:58:17 2022

 
# GNU Make 4.3
# Built for x86_64-pc-linux-gnu
# Copyright (C) 1988-2020 Free Software Foundation, Inc.
# License GPLv3+: GNU GPL version 3 or later <http://gnu.org/licenses/gpl.html>
# This is free software: you are free to change and redistribute it.
# There is NO WARRANTY, to the extent permitted by law.
 

# Make data base, printed on Thu Jul  7 20:58:17 2022

# Variables

# makefile (from 'Makefile', line 22)
PATH_OBJS = ./objs/
# environment
GDK_BACKEND = x11
# environment
LC_ALL = C
# environment
GNOME_SHELL_SESSION_MODE = ubuntu
# environment
SSH_AGENT_LAUNCHER = gnome-keyring
# environment
SNAP_INSTANCE_KEY = 
# environment
HOMEBREW_PREFIX = /home/linuxbrew/.linuxbrew
# environment
GJS_DEBUG_OUTPUT = stderr
# makefile (from 'Makefile', line 28)
PATH_GNL = ./src/get_next_line/
# environment
MANDATORY_PATH = /usr/share/gconf/ubuntu.mandatory.path
# environment
QT_X11_NO_MITSHM = 1
# makefile (from 'Makefile', line 25)
 
PATH_KILL = ./src/kill/
# environment
VSCODE_CWD = /home/dracken24
# makefile (from 'Makefile', line 63)
LIBX_A_MAC = libs/minilibx_opengl/libmlx.a
# environment
WINDOWPATH = 2
# makefile (from 'Makefile', line 27)
PATH_UTILS = ./src/utils/
# makefile (from 'Makefile', line 67)
NAME_B = so-long_b
# default
MAKE_COMMAND := make
# environment
QT_ACCESSIBILITY = 1
# automatic
@D = $(patsubst %/,%,$(dir $@))
# environment
SNAP_INSTANCE_NAME = code
# environment
GDK_PIXBUF_MODULEDIR = /snap/code/100/usr/lib/x86_64-linux-gnu/gdk-pixbuf-2.0/2.10.0/loaders
# environment
VSCODE_HANDLES_UNCAUGHT_ERRORS = true
# default
.VARIABLES := 
# environment
PWD = /home/dracken24/Desktop/prog/42_en_cours/so_long
# automatic
%D = $(patsubst %/,%,$(dir $%))
# environment
LSCOLORS = Gxfxcxdxbxegedabagacad
# environment
XDG_DATA_DIRS = /usr/share/ubuntu:/usr/share/gnome:/usr/local/share/:/usr/share/:/var/lib/snapd/desktop
# environment
OLDPWD = /home/dracken24
# automatic
^D = $(patsubst %/,%,$(dir $^))
# makefile (from 'Makefile', line 32)
PATH_INIT_B = ./src_bonus/init/
# automatic
%F = $(notdir $%)
# environment
VSCODE_CODE_CACHE_PATH = /home/dracken24/.config/Code/CachedData/92d25e35d9bf1a6b16f7d0758f25d48ace11e5b9
# environment
LANG = C
# environment
XAUTHORITY = /run/user/1000/gdm/Xauthority
# default
.LOADED := 
# environment
HOMEBREW_REPOSITORY = /home/linuxbrew/.linuxbrew/Homebrew
# default
.INCLUDE_DIRS = /usr/local/include /usr/include /usr/include
# makefile (from 'Makefile', line 16)
CYAN = $(shell tput -Txterm setaf 4)
# makefile
MAKEFLAGS = pqrR
 
# makefile (from 'Makefile', line 23)
PATH_SRC = ./src/
# makefile
CURDIR := /home/dracken24/Desktop/prog/42_en_cours/so_long
# environment
APPLICATION_INSIGHTS_NO_DIAGNOSTIC_CHANNEL = 1
# automatic
*D = $(patsubst %/,%,$(dir $*))
# environment
MFLAGS = -pqrR
# environment
SSH_AUTH_SOCK = /run/user/1000/keyring/ssh
# default
.SHELLFLAGS := -c
# makefile (from 'Makefile', line 14)
LIGHT_GREEN = $(shell tput -Txterm setaf 2)
# makefile (from 'Makefile', line 30)
PATH_OBJS_B = ./objs_bonus/
# environment
XDG_CONFIG_DIRS = /etc/xdg/xdg-ubuntu:/etc/xdg
# automatic
+D = $(patsubst %/,%,$(dir $+))
# environment
XDG_SESSION_DESKTOP = ubuntu
# makefile (from 'Makefile', line 1)
MAKEFILE_LIST := Makefile
# environment
SNAP_REEXEC = 
# automatic
@F = $(notdir $@)
# environment
ZSH = /home/dracken24/.oh-my-zsh
# environment
VSCODE_PID = 7212
# environment
XDG_SESSION_TYPE = x11
# automatic
?D = $(patsubst %/,%,$(dir $?))
# environment
BAMF_DESKTOP_FILE_HINT = /var/lib/snapd/desktop/applications/code_code.desktop
# makefile (from 'Makefile', line 59)
FLAGS = -Wall -Wextra -Werror
# environment
SESSION_MANAGER = local/Dracken24:@/tmp/.ICE-unix/2732,unix/Dracken24:/tmp/.ICE-unix/2732
# automatic
*F = $(notdir $*)
# makefile (from 'Makefile', line 33)
PATH_KILL_B = ./src_bonus/kill/
# environment
MANPATH = /home/linuxbrew/.linuxbrew/share/man:
# makefile (from 'Makefile', line 35)
PATH_UTILS_B = ./src_bonus/utils/
# environment
CHROME_DESKTOP = code-url-handler.desktop
# environment
DBUS_SESSION_BUS_ADDRESS = unix:path=/run/user/1000/bus
# automatic
<D = $(patsubst %/,%,$(dir $<))
# environment
VSCODE_NLS_CONFIG = {"locale":"en-gb","availableLanguages":{},"_languagePackSupport":true}
# makefile (from 'Makefile', line 24)
PATH_INIT = ./src/init/
# default
MAKE_HOST := x86_64-pc-linux-gnu
# makefile (from 'Makefile', line 54)
OBJS = $(patsubst $(PATH_SRC)%.c, $(PATH_OBJS)%.o, $(FILES)) 
# environment
GNOME_DESKTOP_SESSION_ID = this-is-deprecated
# environment
INFOPATH = /home/linuxbrew/.linuxbrew/share/info:
# makefile
SHELL = /bin/sh
# default
MAKECMDGOALS := all
# environment
 
XMODIFIERS = @im=ibus
# environment
GJS_DEBUG_TOPICS = JS ERROR;JS LOG
# environment
SHLVL = 0
# environment
MAKELEVEL := 0
# default
MAKE = $(MAKE_COMMAND)
# environment
SNAP_COOKIE = fSKYpYhDKXjiX9W__W9nCBCj5n_I7R-ps2DwHvI_mLnd_pK3KmHQ
# environment
PATH = /home/linuxbrew/.linuxbrew/bin:/home/linuxbrew/.linuxbrew/sbin:/home/dracken24/bin:/usr/local/sbin:/usr/local/bin:/usr/sbin:/usr/bin:/sbin:/bin:/usr/games:/usr/local/games:/snap/bin:/snap/bin
# default
MAKEFILES := 
# environment
LANGUAGE = en_CA:en
# automatic
^F = $(notdir $^)
# environment
SNAP_USER_COMMON = /home/dracken24/snap/code/common
# environment
SNAP = /snap/code/100
# environment
INVOCATION_ID = 0851508803ff4409aa58bb98a95f2a11
# environment
SNAP_REVISION = 100
# environment
SNAP_REAL_HOME = /home/dracken24
# makefile (from 'Makefile', line 13)
LIGHT_RED = $(shell tput -Txterm setaf 1)
# environment
USERNAME = dracken24
# makefile (from 'Makefile', line 38)
FILES = $(PATH_SRC)so_long.c $(PATH_GNL)get_next_line_bonus.c $(PATH_GNL)get_next_line_utils_bonus.c $(PATH_UTILS)start.c $(PATH_UTILS)utils.c $(PATH_INIT)print_textures.c $(PATH_INIT)init_textures_p1.c $(PATH_MOVE)key_pressed.c $(PATH_MOVE)move_p1.c $(PATH_KILL)kill.c 
# automatic
?F = $(notdir $?)
# makefile (from 'Makefile', line 61)
MLXFLAG_LINUX = -lbsd -lXext -lX11
# makefile (from 'Makefile', line 66)
NAME = so-long
# makefile (from 'Makefile', line 69)
PRINTF = make_lib
# environment
XDG_CURRENT_DESKTOP = Unity
# environment
LS_COLORS = 
# automatic
+F = $(notdir $+)
# environment
LESS = -R
# environment
DESKTOP_SESSION = ubuntu
# environment
ORIGINAL_XDG_CURRENT_DESKTOP = ubuntu:GNOME
# 'override' directive
GNUMAKEFLAGS := 
# makefile (from 'Makefile', line 60)
MLXFLAG_MAC = -framework OpenGl -framework Cocoa
# environment
LOGNAME = dracken24
# environment
GIO_LAUNCHED_DESKTOP_FILE = /var/lib/snapd/desktop/applications/code_code.desktop
# environment
SNAP_ARCH = amd64
# makefile
.DEFAULT_GOAL := all
# environment
SYSTEMD_EXEC_PID = 2755
# makefile (from 'Makefile', line 18)
LIGHT_CYAN = $(shell tput -Txterm setaf 6)
# environment
DISPLAY = :1
# environment
USER = dracken24
# environment
GTK_MODULES = gail:atk-bridge
# makefile (from 'Makefile', line 31)
 
PATH_SRC_B = ./src_bonus/
# environment
DEFAULTS_PATH = /usr/share/gconf/ubuntu.default.path
# default
MAKE_VERSION := 4.3
# environment
DISABLE_WAYLAND = 1
# environment
SNAP_DATA = /var/snap/code/100
# environment
SNAP_CONTEXT = fSKYpYhDKXjiX9W__W9nCBCj5n_I7R-ps2DwHvI_mLnd_pK3KmHQ
# environment
MANAGERPID = 2071
# makefile (from 'Makefile', line 26)
PATH_MOVE = ./src/move/
# environment
HOMEBREW_CELLAR = /home/linuxbrew/.linuxbrew/Cellar
# environment
GIO_LAUNCHED_DESKTOP_FILE_PID = 7163
# environment
PAGER = less
# makefile (from 'Makefile', line 17)
LILAS = $(shell tput -Txterm setaf 5)
# makefile (from 'Makefile', line 45)
FILES_BONUS = $(PATH_SRC_B)so_long.c $(PATH_GNL_B)get_next_line_bonus.c $(PATH_GNL_B)get_next_line_utils_bonus.c $(PATH_UTILS_B)start.c $(PATH_UTILS_B)utils.c $(PATH_INIT_B)print_textures.c $(PATH_INIT_B)init_textures_p1.c  $(PATH_INIT_B)init_enemy.c $(PATH_INIT_B)init_textures_enemy.c $(PATH_INIT_B)init_p1_anim.c $(PATH_INIT_B)init_enemy_anim.c $(PATH_MOVE_B)key_pressed.c $(PATH_MOVE_B)move_p1.c $(PATH_MOVE_B)move_p1_anim.c $(PATH_MOVE_B)move_enemy_anim.c $(PATH_KILL_B)kill.c $(PATH_KILL_B)destroy_imgs.c 
# environment
_ = /snap/code/100/usr/share/code/code
# makefile (from 'Makefile', line 20)
RESET = "\033[0m"
# environment
XDG_RUNTIME_DIR = /run/user/1000
# environment
GPG_AGENT_INFO = /run/user/1000/gnupg/S.gpg-agent:0:1
# makefile (from 'Makefile', line 64)
LIBX_A_LINUX = libs/minilibx-linux/libmlx.a
# environment
GDK_PIXBUF_MODULE_FILE = /home/dracken24/snap/code/common/.cache/gdk-pixbuf-loaders.cache
# makefile (from 'Makefile', line 36)
PATH_GNL_B = ./src_bonus/get_next_line/
# environment
JOURNAL_STREAM = 8:39107
# environment
XDG_SESSION_CLASS = user
# makefile (from 'Makefile', line 15)
LIGHT_BROWN = $(shell tput -Txterm setaf 3)
# environment
VSCODE_AMD_ENTRYPOINT = vs/workbench/api/node/extensionHostProcess
# makefile (from 'Makefile', line 70)
PRINTF_A = ft_printf/libftprintf.a
# environment
HOME = /home/dracken24
# environment
QT_IM_MODULE = ibus
# makefile (from 'Makefile', line 72)
REMOVE = ./ft_printf/*.o ./ft_printf/libft/atoitoa/*.o ./ft_printf/libft/is/*.o ./ft_printf/libft/lst/*.o ./ft_printf/libft/math/*.o ./ft_printf/libft/mem_alloc/*.o ./ft_printf/libft/mem_move/*.o ./ft_printf/libft/str/*.o ./ft_printf/*.a ./ft_printf/libft/*.a ./src/*.o so_long gcc solong ./libs/mlx_linux/*.a ./libs/minilibx_opengl/libmlx.a 
# environment
ELECTRON_RUN_AS_NODE = 1
# environment
VSCODE_IPC_HOOK = /run/user/1000/vscode-fa98f921-1.69.0-main.sock
# environment
SNAP_NAME = code
# environment
GSETTINGS_SCHEMA_DIR = /snap/code/100/usr/share/glib-2.0/schemas
# default
.RECIPEPREFIX := 
# automatic
<F = $(notdir $<)
# environment
SNAP_VERSION = 92d25e35
# makefile (from 'Makefile', line 56)
OBJS_B = $(patsubst $(PATH_SRC_B)%.c, $(PATH_OBJS_B)%.o, $(FILES_BONUS)) 
# default
SUFFIXES := 
# environment
VSCODE_CLI = 1
# environment
ELECTRON_NO_ATTACH_CONSOLE = 1
# environment
SNAP_COMMON = /var/snap/code/common
# default
.FEATURES := target-specific order-only second-expansion else-if shortest-stem undefine oneshell nocomment grouped-target extra-prereqs archives jobserver output-sync check-symlink load
# makefile (from 'Makefile', line 58)
CC = gcc
 
# environment
SNAP_USER_DATA = /home/dracken24/snap/code/100
# environment
XDG_MENU_PREFIX = gnome-
# makefile (from 'Makefile', line 34)
PATH_MOVE_B = ./src_bonus/move/
# makefile (from 'Makefile', line 19)
WHITE = $(shell tput -Txterm setaf 7)
# environment
GDMSESSION = ubuntu
# environment
SNAP_LIBRARY_PATH = /var/lib/snapd/lib/gl:/var/lib/snapd/lib/gl32:/var/lib/snapd/void
# variable set hash-table stats:
# Load=164/1024=16%, Rehash=0, Collisions=18/248=7%

# Pattern-specific Variable Values

# No pattern-specific variable values.

# Directories

# src_bonus (device 66308, inode 2588841): No files, no impossibilities so far.
# src (device 66308, inode 2572465): No files, no impossibilities so far.
# . (device 66308, inode 2457837): 17 files, no impossibilities.

# 17 files, no impossibilities in 3 directories.

# Implicit Rules

objs/%.o: src/%.c
#  recipe to execute (from 'Makefile', line 89):
	@mkdir -p $(PATH_OBJS)
	@mkdir -p $(PATH_OBJS)init
	@mkdir -p $(PATH_OBJS)kill
	@mkdir -p $(PATH_OBJS)move
	@mkdir -p $(PATH_OBJS)utils
	@mkdir -p $(PATH_OBJS)get_next_line
	$(CC) $(FLAGS) -I. -c $< -o $@

objs_bonus/%.o: src_bonus/%.c
#  recipe to execute (from 'Makefile', line 107):
	@mkdir -p $(PATH_OBJS_B)
	@mkdir -p $(PATH_OBJS_B)init
	@mkdir -p $(PATH_OBJS_B)kill
	@mkdir -p $(PATH_OBJS_B)move
	@mkdir -p $(PATH_OBJS_B)utils
	@mkdir -p $(PATH_OBJS_B)get_next_line
	$(CC) $(FLAGS) -I. -c $< -o $@

# 2 implicit rules, 0 (0.0%) terminal.
# Files

# Not a target:
objs_bonus/utils/utils.o:
#  Implicit rule search has not been done.
#  Modification time never checked.
#  File has not been updated.

# Not a target:
objs_bonus/so_long.o:
#  Implicit rule search has not been done.
#  Modification time never checked.
#  File has not been updated.

# Not a target:
objs/utils/utils.o:
#  Implicit rule search has not been done.
#  Modification time never checked.
#  File has not been updated.

# Not a target:
objs/so_long.o:
#  Implicit rule search has not been done.
#  Modification time never checked.
#  File has not been updated.

# Not a target:
 
objs_bonus/move/move_enemy_anim.o:
#  Implicit rule search has not been done.
#  Modification time never checked.
#  File has not been updated.

pull:
#  Implicit rule search has not been done.
#  Modification time never checked.
#  File has not been updated.
#  recipe to execute (from 'Makefile', line 125):
	@(git pull)

# Not a target:
objs_bonus/kill/kill.o:
#  Implicit rule search has not been done.
#  Modification time never checked.
#  File has not been updated.

# Not a target:
objs_bonus/kill/destroy_imgs.o:
#  Implicit rule search has not been done.
#  Modification time never checked.
#  File has not been updated.

b: so-long_b
#  Implicit rule search has not been done.
#  Modification time never checked.
#  File has not been updated.

# Not a target:
objs_bonus/move/move_p1_anim.o:
#  Implicit rule search has not been done.
#  Modification time never checked.
#  File has not been updated.

# Not a target:
Makefile:
#  Implicit rule search has been done.
#  Last modified 2022-07-07 20:57:30.167102636
#  File has been updated.
#  Successfully updated.

# Not a target:
objs_bonus/init/init_p1_anim.o:
#  Implicit rule search has not been done.
#  Modification time never checked.
#  File has not been updated.

.Phony: all make_lib obj push pull clean fclean re
#  Implicit rule search has not been done.
#  Modification time never checked.
#  File has not been updated.

# Not a target:
objs/kill/kill.o:
#  Implicit rule search has not been done.
#  Modification time never checked.
#  File has not been updated.

clean:
#  Implicit rule search has not been done.
#  Modification time never checked.
#  File has not been updated.
#  recipe to execute (from 'Makefile', line 128):
	@rm -f $(OBJS) $(REMOVE)
	@rm -fr ./objs ./objs_bonus so_long_b so-long_b
	@echo $(LIGHT_GREEN)"BYE BYE"$(RESET)

# Not a target:
objs/init/print_textures.o:
#  Implicit rule search has not been done.
#  Modification time never checked.
#  File has not been updated.

# Not a target:
objs/move/move_p1.o:
#  Implicit rule search has not been done.
#  Modification time never checked.
#  File has not been updated.

# Not a target:
objs_bonus/init/init_textures_p1.o:
#  Implicit rule search has not been done.
#  Modification time never checked.
#  File has not been updated.

# Not a target:
objs_bonus/init/init_enemy_anim.o:
#  Implicit rule search has not been done.
 
#  Modification time never checked.
#  File has not been updated.

re: fclean all
#  Implicit rule search has not been done.
#  Modification time never checked.
#  File has not been updated.

# Not a target:
objs/get_next_line/get_next_line_bonus.o:
#  Implicit rule search has not been done.
#  Modification time never checked.
#  File has not been updated.

# Not a target:
obj:
#  Implicit rule search has not been done.
#  Modification time never checked.
#  File has not been updated.

# Not a target:
objs_bonus/utils/start.o:
#  Implicit rule search has not been done.
#  Modification time never checked.
#  File has not been updated.

# Not a target:
objs_bonus/init/print_textures.o:
#  Implicit rule search has not been done.
#  Modification time never checked.
#  File has not been updated.

push:
#  Implicit rule search has not been done.
#  Modification time never checked.
#  File has not been updated.
#  recipe to execute (from 'Makefile', line 120):
	@(git add .)
	@(git commit -m "nadesjar42")
	@(git push)

# Not a target:
objs_bonus/move/move_p1.o:
#  Implicit rule search has not been done.
#  Modification time never checked.
#  File has not been updated.

# Not a target:
.DEFAULT:
#  Implicit rule search has not been done.
#  Modification time never checked.
#  File has not been updated.

# Not a target:
objs/utils/start.o:
#  Implicit rule search has not been done.
#  Modification time never checked.
#  File has not been updated.

# Not a target:
objs_bonus/move/key_pressed.o:
#  Implicit rule search has not been done.
#  Modification time never checked.
#  File has not been updated.

all: make_lib so-long
#  Command line target.
#  Implicit rule search has been done.
#  File does not exist.
#  File has not been updated.
# variable set hash-table stats:
# Load=0/32=0%, Rehash=0, Collisions=0/10=0%

fclean: clean
#  Implicit rule search has not been done.
#  Modification time never checked.
#  File has not been updated.
#  recipe to execute (from 'Makefile', line 133):
	@rm -f $(NAME)

# Not a target:
objs/init/init_textures_p1.o:
#  Implicit rule search has not been done.
#  Modification time never checked.
#  File has not been updated.

# Not a target:
objs/move/key_pressed.o:
#  Implicit rule search has not been done.
#  Modification time never checked.
#  File has not been updated.

# Not a target:
objs_bonus/get_next_line/get_next_line_utils_bonus.o:
#  Implicit rule search has not been done.
#  Modification time never checked.
#  File has not been updated.

# Not a target:
objs_bonus/init/init_enemy.o:
#  Implicit rule search has not been done.
#  Modification time never checked.
#  File has not been updated.

make_lib:
#  Implicit rule search has not been done.
#  Implicit/static pattern stem: ''
#  Modification time never checked.
#  File has been updated.
#  Needs to be updated (-q is set).
# automatic
# @ := make_lib
# automatic
# * := 
# automatic
# < := 
# automatic
# + := 
# automatic
# % := 
# automatic
# ^ := 
# automatic
# ? := 
# automatic
# | := 
# variable set hash-table stats:
# Load=8/32=25%, Rehash=0, Collisions=3/18=17%
#  recipe to execute (from 'Makefile', line 116):
	$(MAKE) -C ./ft_printf
	$(MAKE) -C ./libs/minilibx-linux

# Not a target:
objs_bonus/init/init_textures_enemy.o:
#  Implicit rule search has not been done.
#  Modification time never checked.
#  File has not been updated.

# Not a target:
objs/get_next_line/get_next_line_utils_bonus.o:
#  Implicit rule search has not been done.
#  Modification time never checked.
#  File has not been updated.

so-long: objs/so_long.o objs/get_next_line/get_next_line_bonus.o objs/get_next_line/get_next_line_utils_bonus.o objs/utils/start.o objs/utils/utils.o objs/init/print_textures.o objs/init/init_textures_p1.o objs/move/key_pressed.o objs/move/move_p1.o objs/kill/kill.o
#  Implicit rule search has not been done.
#  Modification time never checked.
#  File has not been updated.
#  recipe to execute (from 'Makefile', line 82):
	@echo $(LILAS)"COMPILE MOI CE SO_LONG LA..."$(RESET)
	cp $(LIBX_A_LINUX) $(NAME)
	gcc $(NAME) $(OBJS) $(LIBX_A_LINUX) $(PRINTF_A) $(FLAGS) $(MLXFLAG_LINUX) -o so_long
	@echo $(LIGHT_GREEN)"MALADE CA A COMPILER :)"$(RESET)
	./so_long map/map_base.ber

# Not a target:
.SUFFIXES:
#  Implicit rule search has not been done.
#  Modification time never checked.
#  File has not been updated.

so-long_b: objs_bonus/so_long.o objs_bonus/get_next_line/get_next_line_bonus.o objs_bonus/get_next_line/get_next_line_utils_bonus.o objs_bonus/utils/start.o objs_bonus/utils/utils.o objs_bonus/init/print_textures.o objs_bonus/init/init_textures_p1.o objs_bonus/init/init_enemy.o objs_bonus/init/init_textures_enemy.o objs_bonus/init/init_p1_anim.o objs_bonus/init/init_enemy_anim.o objs_bonus/move/key_pressed.o objs_bonus/move/move_p1.o objs_bonus/move/move_p1_anim.o objs_bonus/move/move_enemy_anim.o objs_bonus/kill/kill.o objs_bonus/kill/destroy_imgs.o
#  Implicit rule search has not been done.
#  Modification time never checked.
#  File has not been updated.
#  recipe to execute (from 'Makefile', line 100):
	@echo $(LILAS)"COMPILE MOI CE SO_LONG LA..."$(RESET)
	cp $(LIBX_A_LINUX) $(NAME_B)
	gcc $(NAME_B) $(OBJS_B) $(LIBX_A_LINUX) $(PRINTF_A) $(FLAGS) $(MLXFLAG_LINUX) -o so_long_b
	@echo $(LIGHT_GREEN)"MALADE CA A COMPILER :)"$(RESET)
	./so_long_b map/map_01.ber

# Not a target:
objs_bonus/get_next_line/get_next_line_bonus.o:
#  Implicit rule search has not been done.
#  Modification time never checked.
#  File has not been updated.

# files hash-table stats:
# Load=42/1024=4%, Rehash=0, Collisions=6/99=6%
# VPATH Search Paths

# No 'vpath' search paths.

# No general ('VPATH' variable) search path.

# strcache buffers: 1 (0) / strings = 63 / storage = 1078 B / avg = 17 B
# current buf: size = 8162 B / used = 1078 B / count = 63 / avg = 17 B

# strcache performance: lookups = 96 / hit rate = 34%
# hash-table stats:
# Load=63/8192=1%, Rehash=0, Collisions=0/96=0%
# Finished Make data base on Thu Jul  7 20:58:17 2022

 
